<?xml version="1.0" encoding="UTF-8"?>
<!-- Generated by org.testng.reporters.JUnitReportReporter -->
<testsuite hostname="Punyas-MacBook-Air.local" failures="0" tests="5" name="com.TestRunner.TestRunner" time="83.455" errors="3" timestamp="2025-05-28T14:51:17 IST" skipped="0">
  <testcase classname="com.TestRunner.TestRunner" name="runScenario" time="39.204"/>
  <testcase classname="com.TestRunner.TestRunner" name="runScenario" time="22.222">
    <error message="Expected condition failed: waiting for element to be clickable: By.cssSelector: div.s-main-slot div[data-component-type=&#039;s-search-result&#039;] h2 a (tried for 15 second(s) with 500 milliseconds interval)
Build info: version: &#039;4.33.0&#039;, revision: &#039;2c6aaad03a&#039;
System info: os.name: &#039;Mac OS X&#039;, os.arch: &#039;x86_64&#039;, os.version: &#039;15.1.1&#039;, java.version: &#039;17.0.4.1&#039;
Driver info: org.openqa.selenium.firefox.FirefoxDriver
Capabilities {acceptInsecureCerts: true, browserName: firefox, browserVersion: 138.0.4, moz:accessibilityChecks: false, moz:buildID: 20250517143237, moz:geckodriverVersion: 0.36.0, moz:headless: false, moz:platformVersion: 24.1.0, moz:processID: 29327, moz:profile: /var/folders/lw/lgsh4j555hg..., moz:shutdownTimeout: 60000, moz:webdriverClick: true, moz:windowless: false, pageLoadStrategy: normal, platformName: mac, proxy: Proxy(), setWindowRect: true, strictFileInteractability: false, timeouts: {implicit: 0, pageLoad: 300000, script: 30000}, unhandledPromptBehavior: dismiss and notify, userAgent: Mozilla/5.0 (Macintosh; Int...}
Session ID: 1e72a91c-b209-487b-9e0c-782cc607527c" type="org.openqa.selenium.TimeoutException">
      <![CDATA[org.openqa.selenium.TimeoutException: Expected condition failed: waiting for element to be clickable: By.cssSelector: div.s-main-slot div[data-component-type='s-search-result'] h2 a (tried for 15 second(s) with 500 milliseconds interval)
Build info: version: '4.33.0', revision: '2c6aaad03a'
System info: os.name: 'Mac OS X', os.arch: 'x86_64', os.version: '15.1.1', java.version: '17.0.4.1'
Driver info: org.openqa.selenium.firefox.FirefoxDriver
Capabilities {acceptInsecureCerts: true, browserName: firefox, browserVersion: 138.0.4, moz:accessibilityChecks: false, moz:buildID: 20250517143237, moz:geckodriverVersion: 0.36.0, moz:headless: false, moz:platformVersion: 24.1.0, moz:processID: 29327, moz:profile: /var/folders/lw/lgsh4j555hg..., moz:shutdownTimeout: 60000, moz:webdriverClick: true, moz:windowless: false, pageLoadStrategy: normal, platformName: mac, proxy: Proxy(), setWindowRect: true, strictFileInteractability: false, timeouts: {implicit: 0, pageLoad: 300000, script: 30000}, unhandledPromptBehavior: dismiss and notify, userAgent: Mozilla/5.0 (Macintosh; Int...}
Session ID: 1e72a91c-b209-487b-9e0c-782cc607527c
at org.openqa.selenium.support.ui.WebDriverWait.timeoutException(WebDriverWait.java:84)
at org.openqa.selenium.support.ui.FluentWait.until(FluentWait.java:228)
at com.TestAmazonCucumber.AmazonSteps.i_add_first_product_to_cart(AmazonSteps.java:83)
at ✽.I add the first product to the cart(file:///Users/punya.jain/Documents/Java%20Project/TestingAmazon/Feature%20File/Amazon.feature:16)
]]>
    </error>
  </testcase> <!-- runScenario -->
  <testcase classname="com.TestRunner.TestRunner" name="runScenario" time="22.005"/>
  <testcase classname="com.TestRunner.TestRunner" name="runScenario" time="0.018">
    <error message="Session ID is null. Using WebDriver after calling quit()?
Build info: version: &#039;4.33.0&#039;, revision: &#039;2c6aaad03a&#039;
System info: os.name: &#039;Mac OS X&#039;, os.arch: &#039;x86_64&#039;, os.version: &#039;15.1.1&#039;, java.version: &#039;17.0.4.1&#039;
Driver info: org.openqa.selenium.firefox.FirefoxDriver
Command: [null, get {url=https://www.amazon.in/ap/register}]
Capabilities {acceptInsecureCerts: true, browserName: firefox, browserVersion: 138.0.4, moz:accessibilityChecks: false, moz:buildID: 20250517143237, moz:geckodriverVersion: 0.36.0, moz:headless: false, moz:platformVersion: 24.1.0, moz:processID: 29139, moz:profile: /var/folders/lw/lgsh4j555hg..., moz:shutdownTimeout: 60000, moz:webdriverClick: true, moz:windowless: false, pageLoadStrategy: normal, platformName: mac, proxy: Proxy(), setWindowRect: true, strictFileInteractability: false, timeouts: {implicit: 0, pageLoad: 300000, script: 30000}, unhandledPromptBehavior: dismiss and notify, userAgent: Mozilla/5.0 (Macintosh; Int...}" type="org.openqa.selenium.NoSuchSessionException">
      <![CDATA[org.openqa.selenium.NoSuchSessionException: Session ID is null. Using WebDriver after calling quit()?
Build info: version: '4.33.0', revision: '2c6aaad03a'
System info: os.name: 'Mac OS X', os.arch: 'x86_64', os.version: '15.1.1', java.version: '17.0.4.1'
Driver info: org.openqa.selenium.firefox.FirefoxDriver
Command: [null, get {url=https://www.amazon.in/ap/register}]
Capabilities {acceptInsecureCerts: true, browserName: firefox, browserVersion: 138.0.4, moz:accessibilityChecks: false, moz:buildID: 20250517143237, moz:geckodriverVersion: 0.36.0, moz:headless: false, moz:platformVersion: 24.1.0, moz:processID: 29139, moz:profile: /var/folders/lw/lgsh4j555hg..., moz:shutdownTimeout: 60000, moz:webdriverClick: true, moz:windowless: false, pageLoadStrategy: normal, platformName: mac, proxy: Proxy(), setWindowRect: true, strictFileInteractability: false, timeouts: {implicit: 0, pageLoad: 300000, script: 30000}, unhandledPromptBehavior: dismiss and notify, userAgent: Mozilla/5.0 (Macintosh; Int...}
at org.openqa.selenium.remote.HttpCommandExecutor.execute(HttpCommandExecutor.java:176)
at org.openqa.selenium.remote.service.DriverCommandExecutor.invokeExecute(DriverCommandExecutor.java:216)
at org.openqa.selenium.remote.service.DriverCommandExecutor.execute(DriverCommandExecutor.java:174)
at org.openqa.selenium.remote.RemoteWebDriver.execute(RemoteWebDriver.java:544)
at org.openqa.selenium.remote.RemoteWebDriver.get(RemoteWebDriver.java:312)
at com.TestAmazonCucumber.RegisterSteps.iNavigateToAmazonRegistrationPage(RegisterSteps.java:14)
at ✽.I navigate to Amazon registration page(file:///Users/punya.jain/Documents/Java%20Project/TestingAmazon/Feature%20File/Register.feature:4)
]]>
    </error>
  </testcase> <!-- runScenario -->
  <testcase classname="com.TestRunner.TestRunner" name="runScenario" time="0.006">
    <error message="Session ID is null. Using WebDriver after calling quit()?
Build info: version: &#039;4.33.0&#039;, revision: &#039;2c6aaad03a&#039;
System info: os.name: &#039;Mac OS X&#039;, os.arch: &#039;x86_64&#039;, os.version: &#039;15.1.1&#039;, java.version: &#039;17.0.4.1&#039;
Driver info: org.openqa.selenium.firefox.FirefoxDriver
Command: [null, get {url=https://www.amazon.in/ap/signin}]
Capabilities {acceptInsecureCerts: true, browserName: firefox, browserVersion: 138.0.4, moz:accessibilityChecks: false, moz:buildID: 20250517143237, moz:geckodriverVersion: 0.36.0, moz:headless: false, moz:platformVersion: 24.1.0, moz:processID: 29139, moz:profile: /var/folders/lw/lgsh4j555hg..., moz:shutdownTimeout: 60000, moz:webdriverClick: true, moz:windowless: false, pageLoadStrategy: normal, platformName: mac, proxy: Proxy(), setWindowRect: true, strictFileInteractability: false, timeouts: {implicit: 0, pageLoad: 300000, script: 30000}, unhandledPromptBehavior: dismiss and notify, userAgent: Mozilla/5.0 (Macintosh; Int...}" type="org.openqa.selenium.NoSuchSessionException">
      <![CDATA[org.openqa.selenium.NoSuchSessionException: Session ID is null. Using WebDriver after calling quit()?
Build info: version: '4.33.0', revision: '2c6aaad03a'
System info: os.name: 'Mac OS X', os.arch: 'x86_64', os.version: '15.1.1', java.version: '17.0.4.1'
Driver info: org.openqa.selenium.firefox.FirefoxDriver
Command: [null, get {url=https://www.amazon.in/ap/signin}]
Capabilities {acceptInsecureCerts: true, browserName: firefox, browserVersion: 138.0.4, moz:accessibilityChecks: false, moz:buildID: 20250517143237, moz:geckodriverVersion: 0.36.0, moz:headless: false, moz:platformVersion: 24.1.0, moz:processID: 29139, moz:profile: /var/folders/lw/lgsh4j555hg..., moz:shutdownTimeout: 60000, moz:webdriverClick: true, moz:windowless: false, pageLoadStrategy: normal, platformName: mac, proxy: Proxy(), setWindowRect: true, strictFileInteractability: false, timeouts: {implicit: 0, pageLoad: 300000, script: 30000}, unhandledPromptBehavior: dismiss and notify, userAgent: Mozilla/5.0 (Macintosh; Int...}
at org.openqa.selenium.remote.HttpCommandExecutor.execute(HttpCommandExecutor.java:176)
at org.openqa.selenium.remote.service.DriverCommandExecutor.invokeExecute(DriverCommandExecutor.java:216)
at org.openqa.selenium.remote.service.DriverCommandExecutor.execute(DriverCommandExecutor.java:174)
at org.openqa.selenium.remote.RemoteWebDriver.execute(RemoteWebDriver.java:544)
at org.openqa.selenium.remote.RemoteWebDriver.get(RemoteWebDriver.java:312)
at com.TestAmazonCucumber.SignInSteps.iNavigateToAmazonSignInPage(SignInSteps.java:24)
at ✽.I navigate to Amazon sign-in page(file:///Users/punya.jain/Documents/Java%20Project/TestingAmazon/Feature%20File/Signin.feature:4)
]]>
    </error>
  </testcase> <!-- runScenario -->
</testsuite> <!-- com.TestRunner.TestRunner -->
