<?xml version="1.0" encoding="UTF-8"?>
<!-- Generated by org.testng.reporters.JUnitReportReporter -->
<testsuite hostname="Punyas-MacBook-Air.local" failures="0" tests="1" name="TestAmazon_.AmazonRegisterTest" time="4.648" errors="0" timestamp="2025-05-27T15:01:17 IST" skipped="0">
  <testcase classname="TestAmazon_.AmazonRegisterTest" name="registerOnAmazon" time="4.648"/>
</testsuite> <!-- TestAmazon_.AmazonRegisterTest -->
