<?xml version="1.0" encoding="UTF-8"?>
<!-- Generated by org.testng.reporters.JUnitReportReporter -->
<testsuite hostname="Punyas-MacBook-Air.local" failures="0" tests="1" name="TestAmazon_.AmazonSignin" time="36.092" errors="0" timestamp="2025-05-28T14:32:05 IST" skipped="0">
  <testcase classname="TestAmazon_.AmazonSignin" name="signInAndAddToCart" time="36.092"/>
</testsuite> <!-- TestAmazon_.AmazonSignin -->
