<?xml version="1.0" encoding="UTF-8"?>
<!-- Generated by org.testng.reporters.JUnitReportReporter -->
<testsuite hostname="Punyas-MacBook-Air.local" failures="0" tests="1" name="TestAmazon_.AmazonSignin" time="8.402" errors="0" timestamp="2025-05-27T09:38:30 IST" skipped="0">
  <testcase classname="TestAmazon_.AmazonSignin" name="signInToAmazon" time="8.402"/>
</testsuite> <!-- TestAmazon_.AmazonSignin -->
